Warning: JAVA_HOME environment variable is not set.
[INFO] Scanning for projects...
[INFO] ------------------------------------------------------------------------
[INFO] Building Project Manager IDE (Scala)
[INFO]    task-segment: [test]
[INFO] ------------------------------------------------------------------------
[INFO] [resources:resources {execution: default-resources}]
[WARNING] Using platform encoding (UTF-8 actually) to copy filtered resources, i.e. build is platform dependent!
[INFO] skip non existing resourceDirectory /home/msimmons/projects/pm/src/main/resources
[INFO] [compiler:compile {execution: default-compile}]
[INFO] No sources to compile
[INFO] [scala:compile {execution: default}]
[INFO] Checking for multiple versions of scala
[INFO] includes = [**/*.scala,**/*.java,]
[INFO] excludes = []
[INFO] Nothing to compile - all classes are up to date
[INFO] [resources:testResources {execution: default-testResources}]
[WARNING] Using platform encoding (UTF-8 actually) to copy filtered resources, i.e. build is platform dependent!
[INFO] Copying 4 resources
[INFO] [compiler:testCompile {execution: default-testCompile}]
[INFO] No sources to compile
[INFO] [scala:testCompile {execution: default}]
[INFO] Checking for multiple versions of scala
[INFO] includes = [**/*.scala,**/*.java,]
[INFO] excludes = []
[INFO] /home/msimmons/projects/pm/src/test/scala:-1: info: compiling
[INFO] Compiling 9 source files to /home/msimmons/projects/pm/target/test-classes at 1296998999755
[ERROR] /home/msimmons/projects/pm/src/test/scala/net/contrapt/pm/tool/ErrorOutputHandlerSpec.scala:5: error: not found: type AbstractSpec
[ERROR] class ErrorOutputHandlerSpec extends AbstractSpec {
[INFO]                                      ^
[ERROR] /home/msimmons/projects/pm/src/test/scala/net/contrapt/pm/tool/ErrorOutputHandlerSpec.scala:7: error: value should is not a member of java.lang.String
[ERROR]   "An ErrorOutputHandler" should "find errors warnings and extra lines in a stream of output" in {
[INFO]   ^
[ERROR] two errors found
[INFO] ------------------------------------------------------------------------
[ERROR] BUILD ERROR
[INFO] ------------------------------------------------------------------------
[INFO] wrap: org.apache.commons.exec.ExecuteException: Process exited with an error: 1(Exit value: 1)

[INFO] ------------------------------------------------------------------------
[INFO] For more information, run Maven with the -e switch
[INFO] ------------------------------------------------------------------------
[INFO] Total time: 10 seconds
[INFO] Finished at: Sun Feb 06 08:30:06 EST 2011
[INFO] Final Memory: 15M/37M
[INFO] ------------------------------------------------------------------------

